<?xml version="1.0" encoding="UTF-8"?>
<!-- Generated by org.testng.reporters.JUnitReportReporter -->
<testsuite hostname="Krish" failures="0" tests="1" name="Scripts.TestCase2" time="9.516" errors="0" timestamp="2023-09-06T20:23:41 IST" skipped="0">
  <testcase classname="Scripts.TestCase2" name="tc2" time="9.516"/>
</testsuite> <!-- Scripts.TestCase2 -->
