<?xml version="1.0" encoding="UTF-8"?>
<!-- Generated by org.testng.reporters.JUnitReportReporter -->
<testsuite hostname="Krish" failures="0" tests="1" name="Scripts.TestCase1" time="236.381" errors="0" timestamp="2023-09-06T19:34:00 IST" skipped="0">
  <testcase classname="Scripts.TestCase1" name="tc1" time="236.381"/>
</testsuite> <!-- Scripts.TestCase1 -->
